This file contains any messages produced by compilers while
running configure, to aid debugging if configure makes a mistake.

It was created by configure, which was
generated by GNU Autoconf 2.59.  Invocation command line was

  $ ./configure 

## --------- ##
## Platform. ##
## --------- ##

hostname = WEBSYSUNS
uname -m = i686
uname -r = 2.6.35-30-generic
uname -s = Linux
uname -v = #54-Ubuntu SMP Tue Jun 7 18:40:23 UTC 2011

/usr/bin/uname -p = unknown
/bin/uname -X     = unknown

/bin/arch              = unknown
/usr/bin/arch -k       = unknown
/usr/convex/getsysinfo = unknown
hostinfo               = unknown
/bin/machine           = unknown
/usr/bin/oslevel       = unknown
/bin/universe          = unknown

PATH: /usr/local/sbin
PATH: /usr/local/bin
PATH: /usr/sbin
PATH: /usr/bin
PATH: /sbin
PATH: /bin
PATH: /usr/games


## ----------- ##
## Core tests. ##
## ----------- ##

configure:1349: checking for a BSD-compatible install
configure:1404: result: /usr/bin/install -c
configure:1415: checking whether build environment is sane
configure:1458: result: yes
configure:1523: checking for gawk
configure:1552: result: no
configure:1523: checking for mawk
configure:1539: found /usr/bin/mawk
configure:1549: result: mawk
configure:1559: checking whether make sets $(MAKE)
configure:1579: result: yes
configure:1756: checking build system type
configure:1774: result: i686-pc-linux-gnu
configure:1782: checking host system type
configure:1796: result: i686-pc-linux-gnu
configure:1834: checking for gawk
configure:1860: result: mawk
configure:1916: checking for gcc
configure:1932: found /usr/bin/gcc
configure:1942: result: gcc
configure:2186: checking for C compiler version
configure:2189: gcc --version </dev/null >&5
gcc (Ubuntu/Linaro 4.4.4-14ubuntu5) 4.4.5
Copyright (C) 2010 Free Software Foundation, Inc.
This is free software; see the source for copying conditions.  There is NO
warranty; not even for MERCHANTABILITY or FITNESS FOR A PARTICULAR PURPOSE.

configure:2192: $? = 0
configure:2194: gcc -v </dev/null >&5
Using built-in specs.
Target: i686-linux-gnu
Configured with: ../src/configure -v --with-pkgversion='Ubuntu/Linaro 4.4.4-14ubuntu5' --with-bugurl=file:///usr/share/doc/gcc-4.4/README.Bugs --enable-languages=c,c++,fortran,objc,obj-c++ --prefix=/usr --program-suffix=-4.4 --enable-shared --enable-multiarch --enable-linker-build-id --with-system-zlib --libexecdir=/usr/lib --without-included-gettext --enable-threads=posix --with-gxx-include-dir=/usr/include/c++/4.4 --libdir=/usr/lib --enable-nls --with-sysroot=/ --enable-clocale=gnu --enable-libstdcxx-debug --enable-objc-gc --enable-targets=all --disable-werror --with-arch-32=i686 --with-tune=generic --enable-checking=release --build=i686-linux-gnu --host=i686-linux-gnu --target=i686-linux-gnu
Thread model: posix
gcc version 4.4.5 (Ubuntu/Linaro 4.4.4-14ubuntu5) 
configure:2197: $? = 0
configure:2199: gcc -V </dev/null >&5
gcc: '-V' option must have argument
configure:2202: $? = 1
configure:2225: checking for C compiler default output file name
configure:2228: gcc    conftest.c  >&5
configure:2231: $? = 0
configure:2277: result: a.out
configure:2282: checking whether the C compiler works
configure:2288: ./a.out
configure:2291: $? = 0
configure:2308: result: yes
configure:2315: checking whether we are cross compiling
configure:2317: result: no
configure:2320: checking for suffix of executables
configure:2322: gcc -o conftest    conftest.c  >&5
configure:2325: $? = 0
configure:2350: result: 
configure:2356: checking for suffix of object files
configure:2377: gcc -c   conftest.c >&5
configure:2380: $? = 0
configure:2402: result: o
configure:2406: checking whether we are using the GNU C compiler
configure:2430: gcc -c   conftest.c >&5
configure:2436: $? = 0
configure:2440: test -z 
			 || test ! -s conftest.err
configure:2443: $? = 0
configure:2446: test -s conftest.o
configure:2449: $? = 0
configure:2462: result: yes
configure:2468: checking whether gcc accepts -g
configure:2489: gcc -c -g  conftest.c >&5
configure:2495: $? = 0
configure:2499: test -z 
			 || test ! -s conftest.err
configure:2502: $? = 0
configure:2505: test -s conftest.o
configure:2508: $? = 0
configure:2519: result: yes
configure:2536: checking for gcc option to accept ANSI C
configure:2606: gcc  -c -g -O2  conftest.c >&5
configure:2612: $? = 0
configure:2616: test -z 
			 || test ! -s conftest.err
configure:2619: $? = 0
configure:2622: test -s conftest.o
configure:2625: $? = 0
configure:2643: result: none needed
configure:2661: gcc -c -g -O2  conftest.c >&5
conftest.c:2: error: expected '=', ',', ';', 'asm' or '__attribute__' before 'me'
configure:2667: $? = 1
configure: failed program was:
| #ifndef __cplusplus
|   choke me
| #endif
configure:2811: checking for style of include used by make
configure:2839: result: GNU
configure:2867: checking dependency style of gcc
configure:2957: result: gcc3
configure:2979: checking how to run the C preprocessor
configure:3014: gcc -E  conftest.c
configure:3020: $? = 0
configure:3052: gcc -E  conftest.c
conftest.c:11: fatal error: ac_nonexistent.h: No such file or directory
compilation terminated.
configure:3058: $? = 1
configure: failed program was:
| /* confdefs.h.  */
| 
| #define PACKAGE_NAME ""
| #define PACKAGE_TARNAME ""
| #define PACKAGE_VERSION ""
| #define PACKAGE_STRING ""
| #define PACKAGE_BUGREPORT ""
| #define PACKAGE "rtgpoll"
| #define VERSION "0.9"
| /* end confdefs.h.  */
| #include <ac_nonexistent.h>
configure:3097: result: gcc -E
configure:3121: gcc -E  conftest.c
configure:3127: $? = 0
configure:3159: gcc -E  conftest.c
conftest.c:11: fatal error: ac_nonexistent.h: No such file or directory
compilation terminated.
configure:3165: $? = 1
configure: failed program was:
| /* confdefs.h.  */
| 
| #define PACKAGE_NAME ""
| #define PACKAGE_TARNAME ""
| #define PACKAGE_VERSION ""
| #define PACKAGE_STRING ""
| #define PACKAGE_BUGREPORT ""
| #define PACKAGE "rtgpoll"
| #define VERSION "0.9"
| /* end confdefs.h.  */
| #include <ac_nonexistent.h>
configure:3221: checking for a BSD-compatible install
configure:3276: result: /usr/bin/install -c
configure:3287: checking whether ln -s works
configure:3291: result: yes
configure:3339: checking for ranlib
configure:3355: found /usr/bin/ranlib
configure:3366: result: ranlib
configure:3379: checking whether to enable -Wall
configure:3390: result: no
configure:3396: checking for kstat_lookup in -lkstat
configure:3426: gcc -o conftest -g -O2   conftest.c -lkstat   >&5
/usr/bin/ld: cannot find -lkstat
collect2: ld returned 1 exit status
configure:3432: $? = 1
configure: failed program was:
| /* confdefs.h.  */
| 
| #define PACKAGE_NAME ""
| #define PACKAGE_TARNAME ""
| #define PACKAGE_VERSION ""
| #define PACKAGE_STRING ""
| #define PACKAGE_BUGREPORT ""
| #define PACKAGE "rtgpoll"
| #define VERSION "0.9"
| /* end confdefs.h.  */
| 
| /* Override any gcc2 internal prototype to avoid an error.  */
| #ifdef __cplusplus
| extern "C"
| #endif
| /* We use char because int might match the return type of a gcc2
|    builtin and then its argument prototype would still apply.  */
| char kstat_lookup ();
| int
| main ()
| {
| kstat_lookup ();
|   ;
|   return 0;
| }
configure:3458: result: no
configure:3470: checking for gethostbyname in -lnsl
configure:3500: gcc -o conftest -g -O2   conftest.c -lnsl   >&5
configure:3506: $? = 0
configure:3510: test -z 
			 || test ! -s conftest.err
configure:3513: $? = 0
configure:3516: test -s conftest
configure:3519: $? = 0
configure:3532: result: yes
configure:3544: checking for socket in -lsocket
configure:3574: gcc -o conftest -g -O2   conftest.c -lsocket  -lnsl  >&5
/usr/bin/ld: cannot find -lsocket
collect2: ld returned 1 exit status
configure:3580: $? = 1
configure: failed program was:
| /* confdefs.h.  */
| 
| #define PACKAGE_NAME ""
| #define PACKAGE_TARNAME ""
| #define PACKAGE_VERSION ""
| #define PACKAGE_STRING ""
| #define PACKAGE_BUGREPORT ""
| #define PACKAGE "rtgpoll"
| #define VERSION "0.9"
| #define HAVE_LIBNSL 1
| /* end confdefs.h.  */
| 
| /* Override any gcc2 internal prototype to avoid an error.  */
| #ifdef __cplusplus
| extern "C"
| #endif
| /* We use char because int might match the return type of a gcc2
|    builtin and then its argument prototype would still apply.  */
| char socket ();
| int
| main ()
| {
| socket ();
|   ;
|   return 0;
| }
configure:3606: result: no
configure:3618: checking for floor in -lm
configure:3648: gcc -o conftest -g -O2   conftest.c -lm  -lnsl  >&5
conftest.c:19: warning: conflicting types for built-in function 'floor'
configure:3654: $? = 0
configure:3658: test -z 
			 || test ! -s conftest.err
configure:3661: $? = 0
configure:3664: test -s conftest
configure:3667: $? = 0
configure:3680: result: yes
configure:3692: checking for pthread_exit in -lpthread
configure:3722: gcc -o conftest -g -O2   conftest.c -lpthread  -lm -lnsl  >&5
configure:3728: $? = 0
configure:3732: test -z 
			 || test ! -s conftest.err
configure:3735: $? = 0
configure:3738: test -s conftest
configure:3741: $? = 0
configure:3754: result: yes
configure:3767: checking for egrep
configure:3777: result: grep -E
configure:3782: checking for ANSI C header files
configure:3807: gcc -c -g -O2  conftest.c >&5
configure:3813: $? = 0
configure:3817: test -z 
			 || test ! -s conftest.err
configure:3820: $? = 0
configure:3823: test -s conftest.o
configure:3826: $? = 0
configure:3915: gcc -o conftest -g -O2   conftest.c -lpthread -lm -lnsl  >&5
conftest.c: In function 'main':
conftest.c:31: warning: incompatible implicit declaration of built-in function 'exit'
configure:3918: $? = 0
configure:3920: ./conftest
configure:3923: $? = 0
configure:3938: result: yes
configure:3962: checking for sys/types.h
configure:3978: gcc -c -g -O2  conftest.c >&5
configure:3984: $? = 0
configure:3988: test -z 
			 || test ! -s conftest.err
configure:3991: $? = 0
configure:3994: test -s conftest.o
configure:3997: $? = 0
configure:4008: result: yes
configure:3962: checking for sys/stat.h
configure:3978: gcc -c -g -O2  conftest.c >&5
configure:3984: $? = 0
configure:3988: test -z 
			 || test ! -s conftest.err
configure:3991: $? = 0
configure:3994: test -s conftest.o
configure:3997: $? = 0
configure:4008: result: yes
configure:3962: checking for stdlib.h
configure:3978: gcc -c -g -O2  conftest.c >&5
configure:3984: $? = 0
configure:3988: test -z 
			 || test ! -s conftest.err
configure:3991: $? = 0
configure:3994: test -s conftest.o
configure:3997: $? = 0
configure:4008: result: yes
configure:3962: checking for string.h
configure:3978: gcc -c -g -O2  conftest.c >&5
configure:3984: $? = 0
configure:3988: test -z 
			 || test ! -s conftest.err
configure:3991: $? = 0
configure:3994: test -s conftest.o
configure:3997: $? = 0
configure:4008: result: yes
configure:3962: checking for memory.h
configure:3978: gcc -c -g -O2  conftest.c >&5
configure:3984: $? = 0
configure:3988: test -z 
			 || test ! -s conftest.err
configure:3991: $? = 0
configure:3994: test -s conftest.o
configure:3997: $? = 0
configure:4008: result: yes
configure:3962: checking for strings.h
configure:3978: gcc -c -g -O2  conftest.c >&5
configure:3984: $? = 0
configure:3988: test -z 
			 || test ! -s conftest.err
configure:3991: $? = 0
configure:3994: test -s conftest.o
configure:3997: $? = 0
configure:4008: result: yes
configure:3962: checking for inttypes.h
configure:3978: gcc -c -g -O2  conftest.c >&5
configure:3984: $? = 0
configure:3988: test -z 
			 || test ! -s conftest.err
configure:3991: $? = 0
configure:3994: test -s conftest.o
configure:3997: $? = 0
configure:4008: result: yes
configure:3962: checking for stdint.h
configure:3978: gcc -c -g -O2  conftest.c >&5
configure:3984: $? = 0
configure:3988: test -z 
			 || test ! -s conftest.err
configure:3991: $? = 0
configure:3994: test -s conftest.o
configure:3997: $? = 0
configure:4008: result: yes
configure:3962: checking for unistd.h
configure:3978: gcc -c -g -O2  conftest.c >&5
configure:3984: $? = 0
configure:3988: test -z 
			 || test ! -s conftest.err
configure:3991: $? = 0
configure:3994: test -s conftest.o
configure:3997: $? = 0
configure:4008: result: yes
configure:4037: checking malloc.h usability
configure:4049: gcc -c -g -O2  conftest.c >&5
configure:4055: $? = 0
configure:4059: test -z 
			 || test ! -s conftest.err
configure:4062: $? = 0
configure:4065: test -s conftest.o
configure:4068: $? = 0
configure:4078: result: yes
configure:4082: checking malloc.h presence
configure:4092: gcc -E  conftest.c
configure:4098: $? = 0
configure:4118: result: yes
configure:4153: checking for malloc.h
configure:4160: result: yes
configure:4037: checking ctype.h usability
configure:4049: gcc -c -g -O2  conftest.c >&5
configure:4055: $? = 0
configure:4059: test -z 
			 || test ! -s conftest.err
configure:4062: $? = 0
configure:4065: test -s conftest.o
configure:4068: $? = 0
configure:4078: result: yes
configure:4082: checking ctype.h presence
configure:4092: gcc -E  conftest.c
configure:4098: $? = 0
configure:4118: result: yes
configure:4153: checking for ctype.h
configure:4160: result: yes
configure:4037: checking sys/time.h usability
configure:4049: gcc -c -g -O2  conftest.c >&5
configure:4055: $? = 0
configure:4059: test -z 
			 || test ! -s conftest.err
configure:4062: $? = 0
configure:4065: test -s conftest.o
configure:4068: $? = 0
configure:4078: result: yes
configure:4082: checking sys/time.h presence
configure:4092: gcc -E  conftest.c
configure:4098: $? = 0
configure:4118: result: yes
configure:4153: checking for sys/time.h
configure:4160: result: yes
configure:4037: checking netinet/in.h usability
configure:4049: gcc -c -g -O2  conftest.c >&5
configure:4055: $? = 0
configure:4059: test -z 
			 || test ! -s conftest.err
configure:4062: $? = 0
configure:4065: test -s conftest.o
configure:4068: $? = 0
configure:4078: result: yes
configure:4082: checking netinet/in.h presence
configure:4092: gcc -E  conftest.c
configure:4098: $? = 0
configure:4118: result: yes
configure:4153: checking for netinet/in.h
configure:4160: result: yes
configure:4174: checking for unsigned long long
configure:4198: gcc -c -g -O2  conftest.c >&5
configure:4204: $? = 0
configure:4208: test -z 
			 || test ! -s conftest.err
configure:4211: $? = 0
configure:4214: test -s conftest.o
configure:4217: $? = 0
configure:4228: result: yes
configure:4238: checking for long long
configure:4262: gcc -c -g -O2  conftest.c >&5
configure:4268: $? = 0
configure:4272: test -z 
			 || test ! -s conftest.err
configure:4275: $? = 0
configure:4278: test -s conftest.o
configure:4281: $? = 0
configure:4292: result: yes
configure:4303: checking for an ANSI C-conforming const
configure:4370: gcc -c -g -O2  conftest.c >&5
configure:4376: $? = 0
configure:4380: test -z 
			 || test ! -s conftest.err
configure:4383: $? = 0
configure:4386: test -s conftest.o
configure:4389: $? = 0
configure:4400: result: yes
configure:4410: checking for size_t
configure:4434: gcc -c -g -O2  conftest.c >&5
configure:4440: $? = 0
configure:4444: test -z 
			 || test ! -s conftest.err
configure:4447: $? = 0
configure:4450: test -s conftest.o
configure:4453: $? = 0
configure:4464: result: yes
configure:4476: checking whether time.h and sys/time.h may both be included
configure:4501: gcc -c -g -O2  conftest.c >&5
configure:4507: $? = 0
configure:4511: test -z 
			 || test ! -s conftest.err
configure:4514: $? = 0
configure:4517: test -s conftest.o
configure:4520: $? = 0
configure:4531: result: yes
configure:4541: checking whether struct tm is in sys/time.h or time.h
configure:4564: gcc -c -g -O2  conftest.c >&5
configure:4570: $? = 0
configure:4574: test -z 
			 || test ! -s conftest.err
configure:4577: $? = 0
configure:4580: test -s conftest.o
configure:4583: $? = 0
configure:4594: result: time.h
configure:4605: checking return type of signal handlers
configure:4636: gcc -c -g -O2  conftest.c >&5
configure:4642: $? = 0
configure:4646: test -z 
			 || test ! -s conftest.err
configure:4649: $? = 0
configure:4652: test -s conftest.o
configure:4655: $? = 0
configure:4666: result: void
configure:4680: checking for gettimeofday
configure:4737: gcc -o conftest -g -O2   conftest.c -lpthread -lm -lnsl  >&5
configure:4743: $? = 0
configure:4747: test -z 
			 || test ! -s conftest.err
configure:4750: $? = 0
configure:4753: test -s conftest
configure:4756: $? = 0
configure:4768: result: yes
configure:4680: checking for strerror
configure:4737: gcc -o conftest -g -O2   conftest.c -lpthread -lm -lnsl  >&5
configure:4743: $? = 0
configure:4747: test -z 
			 || test ! -s conftest.err
configure:4750: $? = 0
configure:4753: test -s conftest
configure:4756: $? = 0
configure:4768: result: yes
configure:4680: checking for strtoll
configure:4737: gcc -o conftest -g -O2   conftest.c -lpthread -lm -lnsl  >&5
configure:4743: $? = 0
configure:4747: test -z 
			 || test ! -s conftest.err
configure:4750: $? = 0
configure:4753: test -s conftest
configure:4756: $? = 0
configure:4768: result: yes
configure:4825: error: Cannot find SNMP headers.  Use --with-snmp= to specify non-default path.

## ---------------- ##
## Cache variables. ##
## ---------------- ##

ac_cv_build=i686-pc-linux-gnu
ac_cv_build_alias=i686-pc-linux-gnu
ac_cv_c_compiler_gnu=yes
ac_cv_c_const=yes
ac_cv_env_CC_set=
ac_cv_env_CC_value=
ac_cv_env_CFLAGS_set=
ac_cv_env_CFLAGS_value=
ac_cv_env_CPPFLAGS_set=
ac_cv_env_CPPFLAGS_value=
ac_cv_env_CPP_set=
ac_cv_env_CPP_value=
ac_cv_env_LDFLAGS_set=
ac_cv_env_LDFLAGS_value=
ac_cv_env_build_alias_set=
ac_cv_env_build_alias_value=
ac_cv_env_host_alias_set=
ac_cv_env_host_alias_value=
ac_cv_env_target_alias_set=
ac_cv_env_target_alias_value=
ac_cv_exeext=
ac_cv_func_gettimeofday=yes
ac_cv_func_strerror=yes
ac_cv_func_strtoll=yes
ac_cv_header_ctype_h=yes
ac_cv_header_inttypes_h=yes
ac_cv_header_malloc_h=yes
ac_cv_header_memory_h=yes
ac_cv_header_netinet_in_h=yes
ac_cv_header_stdc=yes
ac_cv_header_stdint_h=yes
ac_cv_header_stdlib_h=yes
ac_cv_header_string_h=yes
ac_cv_header_strings_h=yes
ac_cv_header_sys_stat_h=yes
ac_cv_header_sys_time_h=yes
ac_cv_header_sys_types_h=yes
ac_cv_header_time=yes
ac_cv_header_unistd_h=yes
ac_cv_host=i686-pc-linux-gnu
ac_cv_host_alias=i686-pc-linux-gnu
ac_cv_lib_kstat_kstat_lookup=no
ac_cv_lib_m_floor=yes
ac_cv_lib_nsl_gethostbyname=yes
ac_cv_lib_pthread_pthread_exit=yes
ac_cv_lib_socket_socket=no
ac_cv_objext=o
ac_cv_path_install='/usr/bin/install -c'
ac_cv_prog_AWK=mawk
ac_cv_prog_CPP='gcc -E'
ac_cv_prog_ac_ct_CC=gcc
ac_cv_prog_ac_ct_RANLIB=ranlib
ac_cv_prog_cc_g=yes
ac_cv_prog_cc_stdc=
ac_cv_prog_egrep='grep -E'
ac_cv_prog_make_make_set=yes
ac_cv_struct_tm=time.h
ac_cv_type_long_long=yes
ac_cv_type_signal=void
ac_cv_type_size_t=yes
ac_cv_type_unsigned_long_long=yes
am_cv_CC_dependencies_compiler_type=gcc3

## ----------------- ##
## Output variables. ##
## ----------------- ##

ACLOCAL='${SHELL} /home/nsatterl/git/rtgpoll-ganglia-0.9/config/missing --run aclocal-1.9'
AMDEPBACKSLASH='\'
AMDEP_FALSE='#'
AMDEP_TRUE=''
AMTAR='${SHELL} /home/nsatterl/git/rtgpoll-ganglia-0.9/config/missing --run tar'
AUTOCONF='${SHELL} /home/nsatterl/git/rtgpoll-ganglia-0.9/config/missing --run autoconf'
AUTOHEADER='${SHELL} /home/nsatterl/git/rtgpoll-ganglia-0.9/config/missing --run autoheader'
AUTOMAKE='${SHELL} /home/nsatterl/git/rtgpoll-ganglia-0.9/config/missing --run automake-1.9'
AWK='mawk'
CC='gcc'
CCDEPMODE='depmode=gcc3'
CFLAGS='-g -O2'
CPP='gcc -E'
CPPFLAGS=''
CYGPATH_W='echo'
DEFS=''
DEPDIR='.deps'
ECHO_C=''
ECHO_N='-n'
ECHO_T=''
EGREP='grep -E'
EXEEXT=''
INSTALL_DATA='${INSTALL} -m 644'
INSTALL_PROGRAM='${INSTALL}'
INSTALL_SCRIPT='${INSTALL}'
INSTALL_STRIP_PROGRAM='${SHELL} $(install_sh) -c -s'
LDFLAGS=''
LIBOBJS=''
LIBS='-lpthread -lm -lnsl '
LN_S='ln -s'
LTLIBOBJS=''
MAKEINFO='${SHELL} /home/nsatterl/git/rtgpoll-ganglia-0.9/config/missing --run makeinfo'
OBJEXT='o'
PACKAGE='rtgpoll'
PACKAGE_BUGREPORT=''
PACKAGE_NAME=''
PACKAGE_STRING=''
PACKAGE_TARNAME=''
PACKAGE_VERSION=''
PATH_SEPARATOR=':'
RANLIB='ranlib'
RTG_HOME='/usr/local/rtg'
SET_MAKE=''
SHELL='/bin/bash'
STRIP=''
VERSION='0.9'
ac_aux_dir='config'
ac_ct_CC='gcc'
ac_ct_RANLIB='ranlib'
ac_ct_STRIP=''
am__fastdepCC_FALSE='#'
am__fastdepCC_TRUE=''
am__include='include'
am__leading_dot='.'
am__quote=''
am__tar='${AMTAR} chof - "$$tardir"'
am__untar='${AMTAR} xf -'
bindir='${exec_prefix}/bin'
build='i686-pc-linux-gnu'
build_alias=''
build_cpu='i686'
build_os='linux-gnu'
build_vendor='pc'
datadir='${prefix}/share'
exec_prefix='NONE'
host='i686-pc-linux-gnu'
host_alias='i686-pc-linux-gnu'
host_cpu='i686'
host_os='linux-gnu'
host_vendor='pc'
includedir='${prefix}/include'
infodir='${prefix}/info'
install_sh='/home/nsatterl/git/rtgpoll-ganglia-0.9/config/install-sh'
libdir='${exec_prefix}/lib'
libexecdir='${exec_prefix}/libexec'
localstatedir='${prefix}/var'
mandir='${prefix}/man'
mkdir_p='mkdir -p --'
oldincludedir='/usr/include'
prefix='NONE'
program_transform_name='s,x,x,'
sbindir='${exec_prefix}/sbin'
sharedstatedir='${prefix}/com'
sysconfdir='${prefix}/etc'
target_alias=''

## ----------- ##
## confdefs.h. ##
## ----------- ##

#define HAVE_CTYPE_H 1
#define HAVE_GETTIMEOFDAY 1
#define HAVE_INTTYPES_H 1
#define HAVE_LIBM 1
#define HAVE_LIBNSL 1
#define HAVE_LIBPTHREAD 1
#define HAVE_LONG_LONG 1
#define HAVE_MALLOC_H 1
#define HAVE_MEMORY_H 1
#define HAVE_NETINET_IN_H 1
#define HAVE_STDINT_H 1
#define HAVE_STDLIB_H 1
#define HAVE_STRERROR 1
#define HAVE_STRINGS_H 1
#define HAVE_STRING_H 1
#define HAVE_STRTOLL 1
#define HAVE_SYS_STAT_H 1
#define HAVE_SYS_TIME_H 1
#define HAVE_SYS_TYPES_H 1
#define HAVE_UNISTD_H 1
#define HAVE_UNSIGNED_LONG_LONG 1
#define PACKAGE "rtgpoll"
#define PACKAGE_BUGREPORT ""
#define PACKAGE_NAME ""
#define PACKAGE_STRING ""
#define PACKAGE_TARNAME ""
#define PACKAGE_VERSION ""
#define RETSIGTYPE void
#define RTG_HOME "/usr/local/rtg"
#define STDC_HEADERS 1
#define TIME_WITH_SYS_TIME 1
#define VERSION "0.9"

configure: exit 1
